<?xml version="1.0" encoding="UTF-8"?>
<!-- Generated by org.testng.reporters.JUnitXMLReporter -->
<testsuite ignored="0" hostname="LTIN554535" failures="0" tests="12" name="Test" time="136.869" errors="0" timestamp="2024-05-08T13:21:36 IST">
  <testcase classname="main.TestCases" name="Invalid_login_TC_01" time="19.173"/>
  <testcase classname="main.TestCases" name="Navigate_to_news_and_reviews_TC_02" time="6.895"/>
  <testcase classname="main.TestCases" name="Navigate_to_new_launches_TC_03" time="22.691"/>
  <testcase classname="main.TestCases" name="Navigate_to_new_bikes_TC_04" time="13.259"/>
  <testcase classname="main.TestCases" name="Navigate_to_best_scooter_TC_05" time="10.35"/>
  <testcase classname="main.TestCases" name="Navigate_to_electric_bike_TC_06" time="4.848"/>
  <testcase classname="main.TestCases" name="Navigate_to_electric_car_TC_07" time="2.945"/>
  <testcase classname="main.TestCases" name="getusedList_TC_08" time="6.134"/>
  <testcase classname="main.TestCases" name="EMI_Calculator_TC_09" time="13.126"/>
  <testcase classname="main.TestCases" name="Key_Specifications_TC_10" time="16.24"/>
  <testcase classname="main.TestCases" name="getImg_TC_11" time="0.638"/>
  <testcase classname="main.TestCases" name="getSimilarBikes_TC_12" time="2.15"/>
</testsuite> <!-- Test -->
